<?xml version="1.0" encoding="UTF-8"?>
<coverage generated="1659345751307" clover="3.2.0">
  <project timestamp="1659345751307" name="All files">
    <metrics statements="84" coveredstatements="75" conditionals="82" coveredconditionals="50" methods="6" coveredmethods="6" elements="172" coveredelements="131" complexity="0" loc="84" ncloc="84" packages="1" files="1" classes="1"/>
    <file name="script.js" path="C:\Users\X4-W1\vs\name-gen\js\script.js">
      <metrics statements="84" coveredstatements="75" conditionals="82" coveredconditionals="50" methods="6" coveredmethods="6"/>
      <line num="10" count="1003" type="stmt"/>
      <line num="12" count="1003" type="cond" truecount="1" falsecount="1"/>
      <line num="14" count="1003" type="cond" truecount="3" falsecount="3"/>
      <line num="15" count="1003" type="cond" truecount="3" falsecount="3"/>
      <line num="16" count="1003" type="stmt"/>
      <line num="17" count="1003" type="stmt"/>
      <line num="18" count="1003" type="stmt"/>
      <line num="19" count="1003" type="stmt"/>
      <line num="21" count="1003" type="cond" truecount="2" falsecount="0"/>
      <line num="23" count="1" type="cond" truecount="1" falsecount="1"/>
      <line num="24" count="1" type="cond" truecount="1" falsecount="1"/>
      <line num="25" count="1" type="cond" truecount="1" falsecount="1"/>
      <line num="27" count="1003" type="cond" truecount="2" falsecount="0"/>
      <line num="29" count="1" type="cond" truecount="1" falsecount="1"/>
      <line num="30" count="1" type="cond" truecount="1" falsecount="1"/>
      <line num="31" count="1" type="cond" truecount="1" falsecount="1"/>
      <line num="34" count="1003" type="stmt"/>
      <line num="36" count="1003" type="stmt"/>
      <line num="37" count="1003" type="stmt"/>
      <line num="38" count="1003" type="stmt"/>
      <line num="40" count="1003" type="cond" truecount="1" falsecount="1"/>
      <line num="41" count="1003" type="cond" truecount="1" falsecount="1"/>
      <line num="42" count="1003" type="cond" truecount="1" falsecount="1"/>
      <line num="44" count="1003" type="stmt"/>
      <line num="46" count="1003" type="stmt"/>
      <line num="47" count="1003" type="stmt"/>
      <line num="48" count="1003" type="stmt"/>
      <line num="49" count="1003" type="stmt"/>
      <line num="50" count="5503" type="stmt"/>
      <line num="51" count="5503" type="cond" truecount="6" falsecount="0"/>
      <line num="52" count="3009" type="stmt"/>
      <line num="53" count="3009" type="stmt"/>
      <line num="54" count="3009" type="stmt"/>
      <line num="55" count="3009" type="stmt"/>
      <line num="56" count="3009" type="stmt"/>
      <line num="57" count="2494" type="cond" truecount="5" falsecount="1"/>
      <line num="58" count="2494" type="stmt"/>
      <line num="59" count="2494" type="stmt"/>
      <line num="60" count="2494" type="stmt"/>
      <line num="61" count="2494" type="stmt"/>
      <line num="62" count="2494" type="stmt"/>
      <line num="63" count="0" type="cond" truecount="0" falsecount="6"/>
      <line num="64" count="0" type="stmt"/>
      <line num="65" count="0" type="stmt"/>
      <line num="66" count="0" type="stmt"/>
      <line num="67" count="0" type="stmt"/>
      <line num="68" count="0" type="stmt"/>
      <line num="71" count="5503" type="cond" truecount="3" falsecount="4"/>
      <line num="72" count="5503" type="cond" truecount="5" falsecount="0"/>
      <line num="74" count="1003" type="stmt"/>
      <line num="75" count="1003" type="cond" truecount="2" falsecount="2"/>
      <line num="76" count="0" type="stmt"/>
      <line num="78" count="1003" type="stmt"/>
      <line num="80" count="1003" type="stmt"/>
      <line num="85" count="2006" type="stmt"/>
      <line num="86" count="2006" type="stmt"/>
      <line num="87" count="6018" type="cond" truecount="2" falsecount="0"/>
      <line num="88" count="4012" type="stmt"/>
      <line num="90" count="2006" type="stmt"/>
      <line num="95" count="5503" type="stmt"/>
      <line num="96" count="5503" type="stmt"/>
      <line num="97" count="5503" type="cond" truecount="2" falsecount="0"/>
      <line num="98" count="3009" type="stmt"/>
      <line num="99" count="2494" type="cond" truecount="1" falsecount="1"/>
      <line num="100" count="2494" type="stmt"/>
      <line num="101" count="0" type="cond" truecount="0" falsecount="2"/>
      <line num="102" count="0" type="stmt"/>
      <line num="104" count="5503" type="stmt"/>
      <line num="105" count="5503" type="stmt"/>
      <line num="106" count="5503" type="stmt"/>
      <line num="108" count="5503" type="stmt"/>
      <line num="113" count="8512" type="stmt"/>
      <line num="114" count="8512" type="stmt"/>
      <line num="115" count="25536" type="cond" truecount="2" falsecount="0"/>
      <line num="117" count="8512" type="stmt"/>
      <line num="122" count="8512" type="stmt"/>
      <line num="123" count="8512" type="stmt"/>
      <line num="124" count="8512" type="stmt"/>
      <line num="125" count="25536" type="cond" truecount="2" falsecount="0"/>
      <line num="126" count="8997" type="stmt"/>
      <line num="128" count="8512" type="stmt"/>
      <line num="137" count="28515" type="stmt"/>
      <line num="140" count="1" type="stmt"/>
      <line num="141" count="1" type="stmt"/>
    </file>
  </project>
</coverage>
