<?xml version="1.0" encoding="UTF-8"?>
<coverage generated="1659543432601" clover="3.2.0">
  <project timestamp="1659543432601" name="All files">
    <metrics statements="84" coveredstatements="75" conditionals="82" coveredconditionals="50" methods="6" coveredmethods="6" elements="172" coveredelements="131" complexity="0" loc="84" ncloc="84" packages="1" files="1" classes="1"/>
    <file name="script.js" path="C:\Users\X4-W1\vs\name-gen\js\script.js">
      <metrics statements="84" coveredstatements="75" conditionals="82" coveredconditionals="50" methods="6" coveredmethods="6"/>
      <line num="21" count="1003" type="stmt"/>
      <line num="23" count="1003" type="cond" truecount="1" falsecount="1"/>
      <line num="25" count="1003" type="cond" truecount="3" falsecount="3"/>
      <line num="26" count="1003" type="cond" truecount="3" falsecount="3"/>
      <line num="27" count="1003" type="stmt"/>
      <line num="28" count="1003" type="stmt"/>
      <line num="29" count="1003" type="stmt"/>
      <line num="30" count="1003" type="stmt"/>
      <line num="32" count="1003" type="cond" truecount="2" falsecount="0"/>
      <line num="34" count="1" type="cond" truecount="1" falsecount="1"/>
      <line num="35" count="1" type="cond" truecount="1" falsecount="1"/>
      <line num="36" count="1" type="cond" truecount="1" falsecount="1"/>
      <line num="38" count="1003" type="cond" truecount="2" falsecount="0"/>
      <line num="40" count="1" type="cond" truecount="1" falsecount="1"/>
      <line num="41" count="1" type="cond" truecount="1" falsecount="1"/>
      <line num="42" count="1" type="cond" truecount="1" falsecount="1"/>
      <line num="45" count="1003" type="stmt"/>
      <line num="47" count="1003" type="stmt"/>
      <line num="48" count="1003" type="stmt"/>
      <line num="49" count="1003" type="stmt"/>
      <line num="51" count="1003" type="cond" truecount="1" falsecount="1"/>
      <line num="52" count="1003" type="cond" truecount="1" falsecount="1"/>
      <line num="53" count="1003" type="cond" truecount="1" falsecount="1"/>
      <line num="55" count="1003" type="stmt"/>
      <line num="57" count="1003" type="stmt"/>
      <line num="58" count="1003" type="stmt"/>
      <line num="59" count="1003" type="stmt"/>
      <line num="60" count="1003" type="stmt"/>
      <line num="61" count="5499" type="stmt"/>
      <line num="62" count="5499" type="cond" truecount="6" falsecount="0"/>
      <line num="63" count="3009" type="stmt"/>
      <line num="64" count="3009" type="stmt"/>
      <line num="65" count="3009" type="stmt"/>
      <line num="66" count="3009" type="stmt"/>
      <line num="67" count="3009" type="stmt"/>
      <line num="68" count="2490" type="cond" truecount="5" falsecount="1"/>
      <line num="69" count="2490" type="stmt"/>
      <line num="70" count="2490" type="stmt"/>
      <line num="71" count="2490" type="stmt"/>
      <line num="72" count="2490" type="stmt"/>
      <line num="73" count="2490" type="stmt"/>
      <line num="74" count="0" type="cond" truecount="0" falsecount="6"/>
      <line num="75" count="0" type="stmt"/>
      <line num="76" count="0" type="stmt"/>
      <line num="77" count="0" type="stmt"/>
      <line num="78" count="0" type="stmt"/>
      <line num="79" count="0" type="stmt"/>
      <line num="82" count="5499" type="cond" truecount="3" falsecount="4"/>
      <line num="83" count="5499" type="cond" truecount="5" falsecount="0"/>
      <line num="85" count="1003" type="stmt"/>
      <line num="86" count="1003" type="cond" truecount="2" falsecount="2"/>
      <line num="87" count="0" type="stmt"/>
      <line num="89" count="1003" type="stmt"/>
      <line num="91" count="1003" type="stmt"/>
      <line num="102" count="2006" type="stmt"/>
      <line num="103" count="2006" type="stmt"/>
      <line num="104" count="6018" type="cond" truecount="2" falsecount="0"/>
      <line num="105" count="4012" type="stmt"/>
      <line num="107" count="2006" type="stmt"/>
      <line num="118" count="5499" type="stmt"/>
      <line num="119" count="5499" type="stmt"/>
      <line num="120" count="5499" type="cond" truecount="2" falsecount="0"/>
      <line num="121" count="3009" type="stmt"/>
      <line num="122" count="2490" type="cond" truecount="1" falsecount="1"/>
      <line num="123" count="2490" type="stmt"/>
      <line num="124" count="0" type="cond" truecount="0" falsecount="2"/>
      <line num="125" count="0" type="stmt"/>
      <line num="127" count="5499" type="stmt"/>
      <line num="128" count="5499" type="stmt"/>
      <line num="129" count="5499" type="stmt"/>
      <line num="131" count="5499" type="stmt"/>
      <line num="140" count="8508" type="stmt"/>
      <line num="141" count="8508" type="stmt"/>
      <line num="142" count="25524" type="cond" truecount="2" falsecount="0"/>
      <line num="144" count="8508" type="stmt"/>
      <line num="153" count="8508" type="stmt"/>
      <line num="154" count="8508" type="stmt"/>
      <line num="155" count="8508" type="stmt"/>
      <line num="156" count="25524" type="cond" truecount="2" falsecount="0"/>
      <line num="157" count="8989" type="stmt"/>
      <line num="159" count="8508" type="stmt"/>
      <line num="171" count="38503" type="stmt"/>
      <line num="174" count="1" type="stmt"/>
      <line num="175" count="1" type="stmt"/>
    </file>
  </project>
</coverage>
