{"C:\\Users\\X4-W1\\vs\\name-gen\\js\\script.js": {"path":"C:\\Users\\X4-W1\\vs\\name-gen\\js\\script.js","statementMap":{"0":{"start":{"line":21,"column":21},"end":{"line":21,"column":23}},"1":{"start":{"line":23,"column":4},"end":{"line":23,"column":70}},"2":{"start":{"line":25,"column":31},"end":{"line":25,"column":162}},"3":{"start":{"line":26,"column":31},"end":{"line":26,"column":162}},"4":{"start":{"line":27,"column":35},"end":{"line":27,"column":79}},"5":{"start":{"line":28,"column":35},"end":{"line":28,"column":79}},"6":{"start":{"line":29,"column":27},"end":{"line":29,"column":103}},"7":{"start":{"line":30,"column":27},"end":{"line":30,"column":103}},"8":{"start":{"line":32,"column":4},"end":{"line":37,"column":5}},"9":{"start":{"line":34,"column":8},"end":{"line":34,"column":86}},"10":{"start":{"line":34,"column":46},"end":{"line":34,"column":86}},"11":{"start":{"line":35,"column":8},"end":{"line":35,"column":83}},"12":{"start":{"line":35,"column":46},"end":{"line":35,"column":83}},"13":{"start":{"line":36,"column":8},"end":{"line":36,"column":84}},"14":{"start":{"line":36,"column":46},"end":{"line":36,"column":84}},"15":{"start":{"line":38,"column":4},"end":{"line":43,"column":5}},"16":{"start":{"line":40,"column":8},"end":{"line":40,"column":87}},"17":{"start":{"line":40,"column":46},"end":{"line":40,"column":87}},"18":{"start":{"line":41,"column":8},"end":{"line":41,"column":83}},"19":{"start":{"line":41,"column":46},"end":{"line":41,"column":83}},"20":{"start":{"line":42,"column":8},"end":{"line":42,"column":84}},"21":{"start":{"line":42,"column":46},"end":{"line":42,"column":84}},"22":{"start":{"line":45,"column":4},"end":{"line":90,"column":5}},"23":{"start":{"line":45,"column":21},"end":{"line":45,"column":22}},"24":{"start":{"line":47,"column":26},"end":{"line":47,"column":27}},"25":{"start":{"line":48,"column":26},"end":{"line":48,"column":27}},"26":{"start":{"line":49,"column":26},"end":{"line":49,"column":27}},"27":{"start":{"line":51,"column":35},"end":{"line":51,"column":115}},"28":{"start":{"line":52,"column":35},"end":{"line":52,"column":103}},"29":{"start":{"line":53,"column":35},"end":{"line":53,"column":106}},"30":{"start":{"line":55,"column":26},"end":{"line":55,"column":29}},"31":{"start":{"line":57,"column":19},"end":{"line":57,"column":21}},"32":{"start":{"line":58,"column":21},"end":{"line":58,"column":81}},"33":{"start":{"line":59,"column":35},"end":{"line":59,"column":67}},"34":{"start":{"line":60,"column":8},"end":{"line":84,"column":9}},"35":{"start":{"line":61,"column":34},"end":{"line":61,"column":96}},"36":{"start":{"line":62,"column":12},"end":{"line":80,"column":13}},"37":{"start":{"line":63,"column":16},"end":{"line":63,"column":104}},"38":{"start":{"line":64,"column":16},"end":{"line":64,"column":30}},"39":{"start":{"line":65,"column":16},"end":{"line":65,"column":28}},"40":{"start":{"line":66,"column":16},"end":{"line":66,"column":44}},"41":{"start":{"line":67,"column":16},"end":{"line":67,"column":93}},"42":{"start":{"line":68,"column":19},"end":{"line":80,"column":13}},"43":{"start":{"line":69,"column":16},"end":{"line":69,"column":96}},"44":{"start":{"line":70,"column":16},"end":{"line":70,"column":30}},"45":{"start":{"line":71,"column":16},"end":{"line":71,"column":28}},"46":{"start":{"line":72,"column":16},"end":{"line":72,"column":44}},"47":{"start":{"line":73,"column":16},"end":{"line":73,"column":93}},"48":{"start":{"line":74,"column":19},"end":{"line":80,"column":13}},"49":{"start":{"line":75,"column":16},"end":{"line":75,"column":98}},"50":{"start":{"line":76,"column":16},"end":{"line":76,"column":30}},"51":{"start":{"line":77,"column":16},"end":{"line":77,"column":28}},"52":{"start":{"line":78,"column":16},"end":{"line":78,"column":44}},"53":{"start":{"line":79,"column":16},"end":{"line":79,"column":93}},"54":{"start":{"line":82,"column":12},"end":{"line":82,"column":147}},"55":{"start":{"line":82,"column":141},"end":{"line":82,"column":147}},"56":{"start":{"line":83,"column":12},"end":{"line":83,"column":133}},"57":{"start":{"line":83,"column":127},"end":{"line":83,"column":133}},"58":{"start":{"line":85,"column":25},"end":{"line":85,"column":38}},"59":{"start":{"line":86,"column":8},"end":{"line":88,"column":9}},"60":{"start":{"line":87,"column":12},"end":{"line":87,"column":69}},"61":{"start":{"line":89,"column":8},"end":{"line":89,"column":34}},"62":{"start":{"line":91,"column":4},"end":{"line":91,"column":30}},"63":{"start":{"line":102,"column":14},"end":{"line":102,"column":15}},"64":{"start":{"line":103,"column":4},"end":{"line":106,"column":5}},"65":{"start":{"line":103,"column":17},"end":{"line":103,"column":18}},"66":{"start":{"line":104,"column":8},"end":{"line":104,"column":33}},"67":{"start":{"line":104,"column":24},"end":{"line":104,"column":33}},"68":{"start":{"line":105,"column":8},"end":{"line":105,"column":23}},"69":{"start":{"line":107,"column":4},"end":{"line":107,"column":40}},"70":{"start":{"line":118,"column":14},"end":{"line":118,"column":16}},"71":{"start":{"line":119,"column":20},"end":{"line":119,"column":55}},"72":{"start":{"line":120,"column":4},"end":{"line":126,"column":5}},"73":{"start":{"line":121,"column":8},"end":{"line":121,"column":38}},"74":{"start":{"line":122,"column":11},"end":{"line":126,"column":5}},"75":{"start":{"line":123,"column":8},"end":{"line":123,"column":22}},"76":{"start":{"line":124,"column":11},"end":{"line":126,"column":5}},"77":{"start":{"line":125,"column":8},"end":{"line":125,"column":27}},"78":{"start":{"line":127,"column":17},"end":{"line":127,"column":19}},"79":{"start":{"line":128,"column":4},"end":{"line":130,"column":5}},"80":{"start":{"line":128,"column":16},"end":{"line":128,"column":29}},"81":{"start":{"line":129,"column":8},"end":{"line":129,"column":46}},"82":{"start":{"line":131,"column":4},"end":{"line":131,"column":18}},"83":{"start":{"line":140,"column":14},"end":{"line":140,"column":30}},"84":{"start":{"line":141,"column":4},"end":{"line":143,"column":5}},"85":{"start":{"line":141,"column":21},"end":{"line":141,"column":22}},"86":{"start":{"line":142,"column":8},"end":{"line":142,"column":48}},"87":{"start":{"line":142,"column":29},"end":{"line":142,"column":48}},"88":{"start":{"line":144,"column":4},"end":{"line":144,"column":15}},"89":{"start":{"line":153,"column":14},"end":{"line":153,"column":39}},"90":{"start":{"line":154,"column":17},"end":{"line":154,"column":19}},"91":{"start":{"line":155,"column":4},"end":{"line":158,"column":5}},"92":{"start":{"line":155,"column":21},"end":{"line":155,"column":22}},"93":{"start":{"line":156,"column":8},"end":{"line":157,"column":31}},"94":{"start":{"line":157,"column":12},"end":{"line":157,"column":31}},"95":{"start":{"line":159,"column":4},"end":{"line":159,"column":18}},"96":{"start":{"line":171,"column":4},"end":{"line":171,"column":61}},"97":{"start":{"line":174,"column":0},"end":{"line":174,"column":36}},"98":{"start":{"line":175,"column":0},"end":{"line":175,"column":26}}},"fnMap":{"0":{"name":"generateName","decl":{"start":{"line":12,"column":9},"end":{"line":12,"column":21}},"loc":{"start":{"line":20,"column":6},"end":{"line":92,"column":1}},"line":20},"1":{"name":"DifferenceMarginOverflow","decl":{"start":{"line":101,"column":9},"end":{"line":101,"column":33}},"loc":{"start":{"line":101,"column":57},"end":{"line":108,"column":1}},"line":101},"2":{"name":"generateRow","decl":{"start":{"line":117,"column":9},"end":{"line":117,"column":20}},"loc":{"start":{"line":117,"column":59},"end":{"line":132,"column":1}},"line":117},"3":{"name":"getArrayMax","decl":{"start":{"line":139,"column":9},"end":{"line":139,"column":20}},"loc":{"start":{"line":139,"column":28},"end":{"line":145,"column":1}},"line":139},"4":{"name":"getBiggestNumbersIndexes","decl":{"start":{"line":152,"column":9},"end":{"line":152,"column":33}},"loc":{"start":{"line":152,"column":48},"end":{"line":160,"column":1}},"line":152},"5":{"name":"randNum","decl":{"start":{"line":169,"column":9},"end":{"line":169,"column":16}},"loc":{"start":{"line":169,"column":27},"end":{"line":172,"column":1}},"line":169}},"branchMap":{"0":{"loc":{"start":{"line":23,"column":26},"end":{"line":23,"column":69}},"type":"cond-expr","locations":[{"start":{"line":23,"column":46},"end":{"line":23,"column":65}},{"start":{"line":23,"column":68},"end":{"line":23,"column":69}}],"line":23},"1":{"loc":{"start":{"line":25,"column":32},"end":{"line":25,"column":79}},"type":"cond-expr","locations":[{"start":{"line":25,"column":53},"end":{"line":25,"column":75}},{"start":{"line":25,"column":78},"end":{"line":25,"column":79}}],"line":25},"2":{"loc":{"start":{"line":25,"column":80},"end":{"line":25,"column":119}},"type":"cond-expr","locations":[{"start":{"line":25,"column":97},"end":{"line":25,"column":115}},{"start":{"line":25,"column":118},"end":{"line":25,"column":119}}],"line":25},"3":{"loc":{"start":{"line":25,"column":120},"end":{"line":25,"column":161}},"type":"cond-expr","locations":[{"start":{"line":25,"column":138},"end":{"line":25,"column":157}},{"start":{"line":25,"column":160},"end":{"line":25,"column":161}}],"line":25},"4":{"loc":{"start":{"line":26,"column":32},"end":{"line":26,"column":79}},"type":"cond-expr","locations":[{"start":{"line":26,"column":53},"end":{"line":26,"column":75}},{"start":{"line":26,"column":78},"end":{"line":26,"column":79}}],"line":26},"5":{"loc":{"start":{"line":26,"column":80},"end":{"line":26,"column":119}},"type":"cond-expr","locations":[{"start":{"line":26,"column":97},"end":{"line":26,"column":115}},{"start":{"line":26,"column":118},"end":{"line":26,"column":119}}],"line":26},"6":{"loc":{"start":{"line":26,"column":120},"end":{"line":26,"column":161}},"type":"cond-expr","locations":[{"start":{"line":26,"column":138},"end":{"line":26,"column":157}},{"start":{"line":26,"column":160},"end":{"line":26,"column":161}}],"line":26},"7":{"loc":{"start":{"line":32,"column":4},"end":{"line":37,"column":5}},"type":"if","locations":[{"start":{"line":32,"column":4},"end":{"line":37,"column":5}},{"start":{},"end":{}}],"line":32},"8":{"loc":{"start":{"line":34,"column":8},"end":{"line":34,"column":86}},"type":"if","locations":[{"start":{"line":34,"column":8},"end":{"line":34,"column":86}},{"start":{},"end":{}}],"line":34},"9":{"loc":{"start":{"line":35,"column":8},"end":{"line":35,"column":83}},"type":"if","locations":[{"start":{"line":35,"column":8},"end":{"line":35,"column":83}},{"start":{},"end":{}}],"line":35},"10":{"loc":{"start":{"line":36,"column":8},"end":{"line":36,"column":84}},"type":"if","locations":[{"start":{"line":36,"column":8},"end":{"line":36,"column":84}},{"start":{},"end":{}}],"line":36},"11":{"loc":{"start":{"line":38,"column":4},"end":{"line":43,"column":5}},"type":"if","locations":[{"start":{"line":38,"column":4},"end":{"line":43,"column":5}},{"start":{},"end":{}}],"line":38},"12":{"loc":{"start":{"line":40,"column":8},"end":{"line":40,"column":87}},"type":"if","locations":[{"start":{"line":40,"column":8},"end":{"line":40,"column":87}},{"start":{},"end":{}}],"line":40},"13":{"loc":{"start":{"line":41,"column":8},"end":{"line":41,"column":83}},"type":"if","locations":[{"start":{"line":41,"column":8},"end":{"line":41,"column":83}},{"start":{},"end":{}}],"line":41},"14":{"loc":{"start":{"line":42,"column":8},"end":{"line":42,"column":84}},"type":"if","locations":[{"start":{"line":42,"column":8},"end":{"line":42,"column":84}},{"start":{},"end":{}}],"line":42},"15":{"loc":{"start":{"line":51,"column":35},"end":{"line":51,"column":115}},"type":"cond-expr","locations":[{"start":{"line":51,"column":56},"end":{"line":51,"column":111}},{"start":{"line":51,"column":114},"end":{"line":51,"column":115}}],"line":51},"16":{"loc":{"start":{"line":52,"column":35},"end":{"line":52,"column":103}},"type":"cond-expr","locations":[{"start":{"line":52,"column":52},"end":{"line":52,"column":99}},{"start":{"line":52,"column":102},"end":{"line":52,"column":103}}],"line":52},"17":{"loc":{"start":{"line":53,"column":35},"end":{"line":53,"column":106}},"type":"cond-expr","locations":[{"start":{"line":53,"column":53},"end":{"line":53,"column":102}},{"start":{"line":53,"column":105},"end":{"line":53,"column":106}}],"line":53},"18":{"loc":{"start":{"line":62,"column":12},"end":{"line":80,"column":13}},"type":"if","locations":[{"start":{"line":62,"column":12},"end":{"line":80,"column":13}},{"start":{"line":68,"column":19},"end":{"line":80,"column":13}}],"line":62},"19":{"loc":{"start":{"line":62,"column":15},"end":{"line":62,"column":124}},"type":"binary-expr","locations":[{"start":{"line":62,"column":15},"end":{"line":62,"column":34}},{"start":{"line":62,"column":38},"end":{"line":62,"column":56}},{"start":{"line":62,"column":60},"end":{"line":62,"column":92}},{"start":{"line":62,"column":96},"end":{"line":62,"column":124}}],"line":62},"20":{"loc":{"start":{"line":68,"column":19},"end":{"line":80,"column":13}},"type":"if","locations":[{"start":{"line":68,"column":19},"end":{"line":80,"column":13}},{"start":{"line":74,"column":19},"end":{"line":80,"column":13}}],"line":68},"21":{"loc":{"start":{"line":68,"column":22},"end":{"line":68,"column":127}},"type":"binary-expr","locations":[{"start":{"line":68,"column":22},"end":{"line":68,"column":41}},{"start":{"line":68,"column":45},"end":{"line":68,"column":59}},{"start":{"line":68,"column":63},"end":{"line":68,"column":95}},{"start":{"line":68,"column":99},"end":{"line":68,"column":127}}],"line":68},"22":{"loc":{"start":{"line":74,"column":19},"end":{"line":80,"column":13}},"type":"if","locations":[{"start":{"line":74,"column":19},"end":{"line":80,"column":13}},{"start":{},"end":{}}],"line":74},"23":{"loc":{"start":{"line":74,"column":22},"end":{"line":74,"column":128}},"type":"binary-expr","locations":[{"start":{"line":74,"column":22},"end":{"line":74,"column":41}},{"start":{"line":74,"column":45},"end":{"line":74,"column":60}},{"start":{"line":74,"column":64},"end":{"line":74,"column":96}},{"start":{"line":74,"column":100},"end":{"line":74,"column":128}}],"line":74},"24":{"loc":{"start":{"line":82,"column":12},"end":{"line":82,"column":147}},"type":"if","locations":[{"start":{"line":82,"column":12},"end":{"line":82,"column":147}},{"start":{},"end":{}}],"line":82},"25":{"loc":{"start":{"line":82,"column":15},"end":{"line":82,"column":139}},"type":"binary-expr","locations":[{"start":{"line":82,"column":15},"end":{"line":82,"column":32}},{"start":{"line":82,"column":36},"end":{"line":82,"column":75}},{"start":{"line":82,"column":80},"end":{"line":82,"column":99}},{"start":{"line":82,"column":103},"end":{"line":82,"column":118}},{"start":{"line":82,"column":122},"end":{"line":82,"column":138}}],"line":82},"26":{"loc":{"start":{"line":83,"column":12},"end":{"line":83,"column":133}},"type":"if","locations":[{"start":{"line":83,"column":12},"end":{"line":83,"column":133}},{"start":{},"end":{}}],"line":83},"27":{"loc":{"start":{"line":83,"column":15},"end":{"line":83,"column":125}},"type":"binary-expr","locations":[{"start":{"line":83,"column":15},"end":{"line":83,"column":49}},{"start":{"line":83,"column":53},"end":{"line":83,"column":87}},{"start":{"line":83,"column":91},"end":{"line":83,"column":125}}],"line":83},"28":{"loc":{"start":{"line":86,"column":8},"end":{"line":88,"column":9}},"type":"if","locations":[{"start":{"line":86,"column":8},"end":{"line":88,"column":9}},{"start":{},"end":{}}],"line":86},"29":{"loc":{"start":{"line":86,"column":11},"end":{"line":86,"column":75}},"type":"binary-expr","locations":[{"start":{"line":86,"column":11},"end":{"line":86,"column":28}},{"start":{"line":86,"column":32},"end":{"line":86,"column":75}}],"line":86},"30":{"loc":{"start":{"line":104,"column":8},"end":{"line":104,"column":33}},"type":"if","locations":[{"start":{"line":104,"column":8},"end":{"line":104,"column":33}},{"start":{},"end":{}}],"line":104},"31":{"loc":{"start":{"line":120,"column":4},"end":{"line":126,"column":5}},"type":"if","locations":[{"start":{"line":120,"column":4},"end":{"line":126,"column":5}},{"start":{"line":122,"column":11},"end":{"line":126,"column":5}}],"line":120},"32":{"loc":{"start":{"line":122,"column":11},"end":{"line":126,"column":5}},"type":"if","locations":[{"start":{"line":122,"column":11},"end":{"line":126,"column":5}},{"start":{"line":124,"column":11},"end":{"line":126,"column":5}}],"line":122},"33":{"loc":{"start":{"line":124,"column":11},"end":{"line":126,"column":5}},"type":"if","locations":[{"start":{"line":124,"column":11},"end":{"line":126,"column":5}},{"start":{},"end":{}}],"line":124},"34":{"loc":{"start":{"line":142,"column":8},"end":{"line":142,"column":48}},"type":"if","locations":[{"start":{"line":142,"column":8},"end":{"line":142,"column":48}},{"start":{},"end":{}}],"line":142},"35":{"loc":{"start":{"line":156,"column":8},"end":{"line":157,"column":31}},"type":"if","locations":[{"start":{"line":156,"column":8},"end":{"line":157,"column":31}},{"start":{},"end":{}}],"line":156}},"s":{"0":1003,"1":1003,"2":1003,"3":1003,"4":1003,"5":1003,"6":1003,"7":1003,"8":1003,"9":1,"10":0,"11":1,"12":1,"13":1,"14":0,"15":1003,"16":1,"17":0,"18":1,"19":1,"20":1,"21":0,"22":1003,"23":1003,"24":1003,"25":1003,"26":1003,"27":1003,"28":1003,"29":1003,"30":1003,"31":1003,"32":1003,"33":1003,"34":1003,"35":5499,"36":5499,"37":3009,"38":3009,"39":3009,"40":3009,"41":3009,"42":2490,"43":2490,"44":2490,"45":2490,"46":2490,"47":2490,"48":0,"49":0,"50":0,"51":0,"52":0,"53":0,"54":5499,"55":0,"56":5499,"57":1003,"58":1003,"59":1003,"60":0,"61":1003,"62":1003,"63":2006,"64":2006,"65":2006,"66":6018,"67":2006,"68":4012,"69":2006,"70":5499,"71":5499,"72":5499,"73":3009,"74":2490,"75":2490,"76":0,"77":0,"78":5499,"79":5499,"80":5499,"81":5499,"82":5499,"83":8508,"84":8508,"85":8508,"86":25524,"87":7508,"88":8508,"89":8508,"90":8508,"91":8508,"92":8508,"93":25524,"94":8989,"95":8508,"96":38503,"97":1,"98":1},"f":{"0":1003,"1":2006,"2":5499,"3":8508,"4":8508,"5":38503},"b":{"0":[0,1003],"1":[1003,0],"2":[1003,0],"3":[0,1003],"4":[1003,0],"5":[1003,0],"6":[0,1003],"7":[1,1002],"8":[0,1],"9":[1,0],"10":[0,1],"11":[1,1002],"12":[0,1],"13":[1,0],"14":[0,1],"15":[1003,0],"16":[1003,0],"17":[0,1003],"18":[3009,2490],"19":[5499,3009,3009,3009],"20":[2490,0],"21":[2490,2490,2490,2490],"22":[0,0],"23":[0,0,0,0],"24":[0,5499],"25":[5499,0,5499,0,0],"26":[1003,4496],"27":[5499,1249,1003],"28":[0,1003],"29":[1003,0],"30":[2006,4012],"31":[3009,2490],"32":[2490,0],"33":[0,0],"34":[7508,18016],"35":[8989,16535]},"_coverageSchema":"1a1c01bbd47fc00a2c39e90264f33305004495a9","hash":"af25483af2f4adfafbb3e953a2989a5f661c4d65"}
}
