{"C:\\Users\\X4-W1\\vs\\name-gen\\js\\script.js": {"path":"C:\\Users\\X4-W1\\vs\\name-gen\\js\\script.js","statementMap":{"0":{"start":{"line":10,"column":21},"end":{"line":10,"column":23}},"1":{"start":{"line":12,"column":4},"end":{"line":12,"column":70}},"2":{"start":{"line":14,"column":31},"end":{"line":14,"column":162}},"3":{"start":{"line":15,"column":31},"end":{"line":15,"column":162}},"4":{"start":{"line":16,"column":35},"end":{"line":16,"column":79}},"5":{"start":{"line":17,"column":35},"end":{"line":17,"column":79}},"6":{"start":{"line":18,"column":27},"end":{"line":18,"column":103}},"7":{"start":{"line":19,"column":27},"end":{"line":19,"column":103}},"8":{"start":{"line":21,"column":4},"end":{"line":26,"column":5}},"9":{"start":{"line":23,"column":8},"end":{"line":23,"column":86}},"10":{"start":{"line":23,"column":46},"end":{"line":23,"column":86}},"11":{"start":{"line":24,"column":8},"end":{"line":24,"column":83}},"12":{"start":{"line":24,"column":46},"end":{"line":24,"column":83}},"13":{"start":{"line":25,"column":8},"end":{"line":25,"column":84}},"14":{"start":{"line":25,"column":46},"end":{"line":25,"column":84}},"15":{"start":{"line":27,"column":4},"end":{"line":32,"column":5}},"16":{"start":{"line":29,"column":8},"end":{"line":29,"column":87}},"17":{"start":{"line":29,"column":46},"end":{"line":29,"column":87}},"18":{"start":{"line":30,"column":8},"end":{"line":30,"column":83}},"19":{"start":{"line":30,"column":46},"end":{"line":30,"column":83}},"20":{"start":{"line":31,"column":8},"end":{"line":31,"column":84}},"21":{"start":{"line":31,"column":46},"end":{"line":31,"column":84}},"22":{"start":{"line":34,"column":4},"end":{"line":79,"column":5}},"23":{"start":{"line":34,"column":21},"end":{"line":34,"column":22}},"24":{"start":{"line":36,"column":26},"end":{"line":36,"column":27}},"25":{"start":{"line":37,"column":26},"end":{"line":37,"column":27}},"26":{"start":{"line":38,"column":26},"end":{"line":38,"column":27}},"27":{"start":{"line":40,"column":35},"end":{"line":40,"column":115}},"28":{"start":{"line":41,"column":35},"end":{"line":41,"column":103}},"29":{"start":{"line":42,"column":35},"end":{"line":42,"column":106}},"30":{"start":{"line":44,"column":26},"end":{"line":44,"column":29}},"31":{"start":{"line":46,"column":19},"end":{"line":46,"column":21}},"32":{"start":{"line":47,"column":21},"end":{"line":47,"column":81}},"33":{"start":{"line":48,"column":35},"end":{"line":48,"column":67}},"34":{"start":{"line":49,"column":8},"end":{"line":73,"column":9}},"35":{"start":{"line":50,"column":34},"end":{"line":50,"column":96}},"36":{"start":{"line":51,"column":12},"end":{"line":69,"column":13}},"37":{"start":{"line":52,"column":16},"end":{"line":52,"column":104}},"38":{"start":{"line":53,"column":16},"end":{"line":53,"column":30}},"39":{"start":{"line":54,"column":16},"end":{"line":54,"column":28}},"40":{"start":{"line":55,"column":16},"end":{"line":55,"column":44}},"41":{"start":{"line":56,"column":16},"end":{"line":56,"column":93}},"42":{"start":{"line":57,"column":19},"end":{"line":69,"column":13}},"43":{"start":{"line":58,"column":16},"end":{"line":58,"column":96}},"44":{"start":{"line":59,"column":16},"end":{"line":59,"column":30}},"45":{"start":{"line":60,"column":16},"end":{"line":60,"column":28}},"46":{"start":{"line":61,"column":16},"end":{"line":61,"column":44}},"47":{"start":{"line":62,"column":16},"end":{"line":62,"column":93}},"48":{"start":{"line":63,"column":19},"end":{"line":69,"column":13}},"49":{"start":{"line":64,"column":16},"end":{"line":64,"column":98}},"50":{"start":{"line":65,"column":16},"end":{"line":65,"column":30}},"51":{"start":{"line":66,"column":16},"end":{"line":66,"column":28}},"52":{"start":{"line":67,"column":16},"end":{"line":67,"column":44}},"53":{"start":{"line":68,"column":16},"end":{"line":68,"column":93}},"54":{"start":{"line":71,"column":12},"end":{"line":71,"column":147}},"55":{"start":{"line":71,"column":141},"end":{"line":71,"column":147}},"56":{"start":{"line":72,"column":12},"end":{"line":72,"column":133}},"57":{"start":{"line":72,"column":127},"end":{"line":72,"column":133}},"58":{"start":{"line":74,"column":25},"end":{"line":74,"column":38}},"59":{"start":{"line":75,"column":8},"end":{"line":77,"column":9}},"60":{"start":{"line":76,"column":12},"end":{"line":76,"column":69}},"61":{"start":{"line":78,"column":8},"end":{"line":78,"column":34}},"62":{"start":{"line":80,"column":4},"end":{"line":80,"column":30}},"63":{"start":{"line":85,"column":14},"end":{"line":85,"column":15}},"64":{"start":{"line":86,"column":4},"end":{"line":89,"column":5}},"65":{"start":{"line":86,"column":17},"end":{"line":86,"column":18}},"66":{"start":{"line":87,"column":8},"end":{"line":87,"column":33}},"67":{"start":{"line":87,"column":24},"end":{"line":87,"column":33}},"68":{"start":{"line":88,"column":8},"end":{"line":88,"column":23}},"69":{"start":{"line":90,"column":4},"end":{"line":90,"column":47}},"70":{"start":{"line":95,"column":14},"end":{"line":95,"column":16}},"71":{"start":{"line":96,"column":20},"end":{"line":96,"column":55}},"72":{"start":{"line":97,"column":4},"end":{"line":103,"column":5}},"73":{"start":{"line":98,"column":8},"end":{"line":98,"column":38}},"74":{"start":{"line":99,"column":11},"end":{"line":103,"column":5}},"75":{"start":{"line":100,"column":8},"end":{"line":100,"column":22}},"76":{"start":{"line":101,"column":11},"end":{"line":103,"column":5}},"77":{"start":{"line":102,"column":8},"end":{"line":102,"column":27}},"78":{"start":{"line":104,"column":17},"end":{"line":104,"column":19}},"79":{"start":{"line":105,"column":4},"end":{"line":107,"column":5}},"80":{"start":{"line":105,"column":16},"end":{"line":105,"column":29}},"81":{"start":{"line":106,"column":8},"end":{"line":106,"column":46}},"82":{"start":{"line":108,"column":4},"end":{"line":108,"column":18}},"83":{"start":{"line":113,"column":14},"end":{"line":113,"column":30}},"84":{"start":{"line":114,"column":4},"end":{"line":116,"column":5}},"85":{"start":{"line":114,"column":21},"end":{"line":114,"column":22}},"86":{"start":{"line":115,"column":8},"end":{"line":115,"column":48}},"87":{"start":{"line":115,"column":29},"end":{"line":115,"column":48}},"88":{"start":{"line":117,"column":4},"end":{"line":117,"column":15}},"89":{"start":{"line":122,"column":14},"end":{"line":122,"column":39}},"90":{"start":{"line":123,"column":17},"end":{"line":123,"column":19}},"91":{"start":{"line":124,"column":4},"end":{"line":127,"column":5}},"92":{"start":{"line":124,"column":21},"end":{"line":124,"column":22}},"93":{"start":{"line":125,"column":8},"end":{"line":126,"column":31}},"94":{"start":{"line":126,"column":12},"end":{"line":126,"column":31}},"95":{"start":{"line":128,"column":4},"end":{"line":128,"column":18}},"96":{"start":{"line":137,"column":4},"end":{"line":137,"column":61}},"97":{"start":{"line":140,"column":0},"end":{"line":140,"column":36}},"98":{"start":{"line":141,"column":0},"end":{"line":141,"column":26}}},"fnMap":{"0":{"name":"generateName","decl":{"start":{"line":1,"column":9},"end":{"line":1,"column":21}},"loc":{"start":{"line":9,"column":6},"end":{"line":81,"column":1}},"line":9},"1":{"name":"DifferenceMarginOverflow","decl":{"start":{"line":84,"column":9},"end":{"line":84,"column":33}},"loc":{"start":{"line":84,"column":64},"end":{"line":91,"column":1}},"line":84},"2":{"name":"generateRow","decl":{"start":{"line":94,"column":9},"end":{"line":94,"column":20}},"loc":{"start":{"line":94,"column":59},"end":{"line":109,"column":1}},"line":94},"3":{"name":"getArrayMax","decl":{"start":{"line":112,"column":9},"end":{"line":112,"column":20}},"loc":{"start":{"line":112,"column":28},"end":{"line":118,"column":1}},"line":112},"4":{"name":"getBiggestNumbersIndexes","decl":{"start":{"line":121,"column":9},"end":{"line":121,"column":33}},"loc":{"start":{"line":121,"column":48},"end":{"line":129,"column":1}},"line":121},"5":{"name":"randNum","decl":{"start":{"line":135,"column":9},"end":{"line":135,"column":16}},"loc":{"start":{"line":135,"column":27},"end":{"line":138,"column":1}},"line":135}},"branchMap":{"0":{"loc":{"start":{"line":12,"column":26},"end":{"line":12,"column":69}},"type":"cond-expr","locations":[{"start":{"line":12,"column":46},"end":{"line":12,"column":65}},{"start":{"line":12,"column":68},"end":{"line":12,"column":69}}],"line":12},"1":{"loc":{"start":{"line":14,"column":32},"end":{"line":14,"column":79}},"type":"cond-expr","locations":[{"start":{"line":14,"column":53},"end":{"line":14,"column":75}},{"start":{"line":14,"column":78},"end":{"line":14,"column":79}}],"line":14},"2":{"loc":{"start":{"line":14,"column":80},"end":{"line":14,"column":119}},"type":"cond-expr","locations":[{"start":{"line":14,"column":97},"end":{"line":14,"column":115}},{"start":{"line":14,"column":118},"end":{"line":14,"column":119}}],"line":14},"3":{"loc":{"start":{"line":14,"column":120},"end":{"line":14,"column":161}},"type":"cond-expr","locations":[{"start":{"line":14,"column":138},"end":{"line":14,"column":157}},{"start":{"line":14,"column":160},"end":{"line":14,"column":161}}],"line":14},"4":{"loc":{"start":{"line":15,"column":32},"end":{"line":15,"column":79}},"type":"cond-expr","locations":[{"start":{"line":15,"column":53},"end":{"line":15,"column":75}},{"start":{"line":15,"column":78},"end":{"line":15,"column":79}}],"line":15},"5":{"loc":{"start":{"line":15,"column":80},"end":{"line":15,"column":119}},"type":"cond-expr","locations":[{"start":{"line":15,"column":97},"end":{"line":15,"column":115}},{"start":{"line":15,"column":118},"end":{"line":15,"column":119}}],"line":15},"6":{"loc":{"start":{"line":15,"column":120},"end":{"line":15,"column":161}},"type":"cond-expr","locations":[{"start":{"line":15,"column":138},"end":{"line":15,"column":157}},{"start":{"line":15,"column":160},"end":{"line":15,"column":161}}],"line":15},"7":{"loc":{"start":{"line":21,"column":4},"end":{"line":26,"column":5}},"type":"if","locations":[{"start":{"line":21,"column":4},"end":{"line":26,"column":5}},{"start":{},"end":{}}],"line":21},"8":{"loc":{"start":{"line":23,"column":8},"end":{"line":23,"column":86}},"type":"if","locations":[{"start":{"line":23,"column":8},"end":{"line":23,"column":86}},{"start":{},"end":{}}],"line":23},"9":{"loc":{"start":{"line":24,"column":8},"end":{"line":24,"column":83}},"type":"if","locations":[{"start":{"line":24,"column":8},"end":{"line":24,"column":83}},{"start":{},"end":{}}],"line":24},"10":{"loc":{"start":{"line":25,"column":8},"end":{"line":25,"column":84}},"type":"if","locations":[{"start":{"line":25,"column":8},"end":{"line":25,"column":84}},{"start":{},"end":{}}],"line":25},"11":{"loc":{"start":{"line":27,"column":4},"end":{"line":32,"column":5}},"type":"if","locations":[{"start":{"line":27,"column":4},"end":{"line":32,"column":5}},{"start":{},"end":{}}],"line":27},"12":{"loc":{"start":{"line":29,"column":8},"end":{"line":29,"column":87}},"type":"if","locations":[{"start":{"line":29,"column":8},"end":{"line":29,"column":87}},{"start":{},"end":{}}],"line":29},"13":{"loc":{"start":{"line":30,"column":8},"end":{"line":30,"column":83}},"type":"if","locations":[{"start":{"line":30,"column":8},"end":{"line":30,"column":83}},{"start":{},"end":{}}],"line":30},"14":{"loc":{"start":{"line":31,"column":8},"end":{"line":31,"column":84}},"type":"if","locations":[{"start":{"line":31,"column":8},"end":{"line":31,"column":84}},{"start":{},"end":{}}],"line":31},"15":{"loc":{"start":{"line":40,"column":35},"end":{"line":40,"column":115}},"type":"cond-expr","locations":[{"start":{"line":40,"column":56},"end":{"line":40,"column":111}},{"start":{"line":40,"column":114},"end":{"line":40,"column":115}}],"line":40},"16":{"loc":{"start":{"line":41,"column":35},"end":{"line":41,"column":103}},"type":"cond-expr","locations":[{"start":{"line":41,"column":52},"end":{"line":41,"column":99}},{"start":{"line":41,"column":102},"end":{"line":41,"column":103}}],"line":41},"17":{"loc":{"start":{"line":42,"column":35},"end":{"line":42,"column":106}},"type":"cond-expr","locations":[{"start":{"line":42,"column":53},"end":{"line":42,"column":102}},{"start":{"line":42,"column":105},"end":{"line":42,"column":106}}],"line":42},"18":{"loc":{"start":{"line":51,"column":12},"end":{"line":69,"column":13}},"type":"if","locations":[{"start":{"line":51,"column":12},"end":{"line":69,"column":13}},{"start":{"line":57,"column":19},"end":{"line":69,"column":13}}],"line":51},"19":{"loc":{"start":{"line":51,"column":15},"end":{"line":51,"column":124}},"type":"binary-expr","locations":[{"start":{"line":51,"column":15},"end":{"line":51,"column":34}},{"start":{"line":51,"column":38},"end":{"line":51,"column":56}},{"start":{"line":51,"column":60},"end":{"line":51,"column":92}},{"start":{"line":51,"column":96},"end":{"line":51,"column":124}}],"line":51},"20":{"loc":{"start":{"line":57,"column":19},"end":{"line":69,"column":13}},"type":"if","locations":[{"start":{"line":57,"column":19},"end":{"line":69,"column":13}},{"start":{"line":63,"column":19},"end":{"line":69,"column":13}}],"line":57},"21":{"loc":{"start":{"line":57,"column":22},"end":{"line":57,"column":127}},"type":"binary-expr","locations":[{"start":{"line":57,"column":22},"end":{"line":57,"column":41}},{"start":{"line":57,"column":45},"end":{"line":57,"column":59}},{"start":{"line":57,"column":63},"end":{"line":57,"column":95}},{"start":{"line":57,"column":99},"end":{"line":57,"column":127}}],"line":57},"22":{"loc":{"start":{"line":63,"column":19},"end":{"line":69,"column":13}},"type":"if","locations":[{"start":{"line":63,"column":19},"end":{"line":69,"column":13}},{"start":{},"end":{}}],"line":63},"23":{"loc":{"start":{"line":63,"column":22},"end":{"line":63,"column":128}},"type":"binary-expr","locations":[{"start":{"line":63,"column":22},"end":{"line":63,"column":41}},{"start":{"line":63,"column":45},"end":{"line":63,"column":60}},{"start":{"line":63,"column":64},"end":{"line":63,"column":96}},{"start":{"line":63,"column":100},"end":{"line":63,"column":128}}],"line":63},"24":{"loc":{"start":{"line":71,"column":12},"end":{"line":71,"column":147}},"type":"if","locations":[{"start":{"line":71,"column":12},"end":{"line":71,"column":147}},{"start":{},"end":{}}],"line":71},"25":{"loc":{"start":{"line":71,"column":15},"end":{"line":71,"column":139}},"type":"binary-expr","locations":[{"start":{"line":71,"column":15},"end":{"line":71,"column":32}},{"start":{"line":71,"column":36},"end":{"line":71,"column":75}},{"start":{"line":71,"column":80},"end":{"line":71,"column":99}},{"start":{"line":71,"column":103},"end":{"line":71,"column":118}},{"start":{"line":71,"column":122},"end":{"line":71,"column":138}}],"line":71},"26":{"loc":{"start":{"line":72,"column":12},"end":{"line":72,"column":133}},"type":"if","locations":[{"start":{"line":72,"column":12},"end":{"line":72,"column":133}},{"start":{},"end":{}}],"line":72},"27":{"loc":{"start":{"line":72,"column":15},"end":{"line":72,"column":125}},"type":"binary-expr","locations":[{"start":{"line":72,"column":15},"end":{"line":72,"column":49}},{"start":{"line":72,"column":53},"end":{"line":72,"column":87}},{"start":{"line":72,"column":91},"end":{"line":72,"column":125}}],"line":72},"28":{"loc":{"start":{"line":75,"column":8},"end":{"line":77,"column":9}},"type":"if","locations":[{"start":{"line":75,"column":8},"end":{"line":77,"column":9}},{"start":{},"end":{}}],"line":75},"29":{"loc":{"start":{"line":75,"column":11},"end":{"line":75,"column":75}},"type":"binary-expr","locations":[{"start":{"line":75,"column":11},"end":{"line":75,"column":28}},{"start":{"line":75,"column":32},"end":{"line":75,"column":75}}],"line":75},"30":{"loc":{"start":{"line":87,"column":8},"end":{"line":87,"column":33}},"type":"if","locations":[{"start":{"line":87,"column":8},"end":{"line":87,"column":33}},{"start":{},"end":{}}],"line":87},"31":{"loc":{"start":{"line":97,"column":4},"end":{"line":103,"column":5}},"type":"if","locations":[{"start":{"line":97,"column":4},"end":{"line":103,"column":5}},{"start":{"line":99,"column":11},"end":{"line":103,"column":5}}],"line":97},"32":{"loc":{"start":{"line":99,"column":11},"end":{"line":103,"column":5}},"type":"if","locations":[{"start":{"line":99,"column":11},"end":{"line":103,"column":5}},{"start":{"line":101,"column":11},"end":{"line":103,"column":5}}],"line":99},"33":{"loc":{"start":{"line":101,"column":11},"end":{"line":103,"column":5}},"type":"if","locations":[{"start":{"line":101,"column":11},"end":{"line":103,"column":5}},{"start":{},"end":{}}],"line":101},"34":{"loc":{"start":{"line":115,"column":8},"end":{"line":115,"column":48}},"type":"if","locations":[{"start":{"line":115,"column":8},"end":{"line":115,"column":48}},{"start":{},"end":{}}],"line":115},"35":{"loc":{"start":{"line":125,"column":8},"end":{"line":126,"column":31}},"type":"if","locations":[{"start":{"line":125,"column":8},"end":{"line":126,"column":31}},{"start":{},"end":{}}],"line":125}},"s":{"0":1003,"1":1003,"2":1003,"3":1003,"4":1003,"5":1003,"6":1003,"7":1003,"8":1003,"9":1,"10":0,"11":1,"12":1,"13":1,"14":0,"15":1003,"16":1,"17":0,"18":1,"19":1,"20":1,"21":0,"22":1003,"23":1003,"24":1003,"25":1003,"26":1003,"27":1003,"28":1003,"29":1003,"30":1003,"31":1003,"32":1003,"33":1003,"34":1003,"35":5503,"36":5503,"37":3009,"38":3009,"39":3009,"40":3009,"41":3009,"42":2494,"43":2494,"44":2494,"45":2494,"46":2494,"47":2494,"48":0,"49":0,"50":0,"51":0,"52":0,"53":0,"54":5503,"55":0,"56":5503,"57":1003,"58":1003,"59":1003,"60":0,"61":1003,"62":1003,"63":2006,"64":2006,"65":2006,"66":6018,"67":2006,"68":4012,"69":2006,"70":5503,"71":5503,"72":5503,"73":3009,"74":2494,"75":2494,"76":0,"77":0,"78":5503,"79":5503,"80":5503,"81":5503,"82":5503,"83":8512,"84":8512,"85":8512,"86":25536,"87":7512,"88":8512,"89":8512,"90":8512,"91":8512,"92":8512,"93":25536,"94":8997,"95":8512,"96":28515,"97":1,"98":1},"f":{"0":1003,"1":2006,"2":5503,"3":8512,"4":8512,"5":28515},"b":{"0":[0,1003],"1":[1003,0],"2":[1003,0],"3":[0,1003],"4":[1003,0],"5":[1003,0],"6":[0,1003],"7":[1,1002],"8":[0,1],"9":[1,0],"10":[0,1],"11":[1,1002],"12":[0,1],"13":[1,0],"14":[0,1],"15":[1003,0],"16":[1003,0],"17":[0,1003],"18":[3009,2494],"19":[5503,3009,3009,3009],"20":[2494,0],"21":[2494,2494,2494,2494],"22":[0,0],"23":[0,0,0,0],"24":[0,5503],"25":[5503,0,5503,0,0],"26":[1003,4500],"27":[5503,1239,1003],"28":[0,1003],"29":[1003,0],"30":[2006,4012],"31":[3009,2494],"32":[2494,0],"33":[0,0],"34":[7512,18024],"35":[8997,16539]},"_coverageSchema":"1a1c01bbd47fc00a2c39e90264f33305004495a9","hash":"959013b97a545a4e781acc8e0c362676f9d5590e"}
}
