TN:
SF:js\script.js
FN:12,generateName
FN:101,DifferenceMarginOverflow
FN:117,generateRow
FN:139,getArrayMax
FN:152,getBiggestNumbersIndexes
FN:169,randNum
FNF:6
FNH:6
FNDA:1003,generateName
FNDA:2006,DifferenceMarginOverflow
FNDA:5499,generateRow
FNDA:8508,getArrayMax
FNDA:8508,getBiggestNumbersIndexes
FNDA:38503,randNum
DA:21,1003
DA:23,1003
DA:25,1003
DA:26,1003
DA:27,1003
DA:28,1003
DA:29,1003
DA:30,1003
DA:32,1003
DA:34,1
DA:35,1
DA:36,1
DA:38,1003
DA:40,1
DA:41,1
DA:42,1
DA:45,1003
DA:47,1003
DA:48,1003
DA:49,1003
DA:51,1003
DA:52,1003
DA:53,1003
DA:55,1003
DA:57,1003
DA:58,1003
DA:59,1003
DA:60,1003
DA:61,5499
DA:62,5499
DA:63,3009
DA:64,3009
DA:65,3009
DA:66,3009
DA:67,3009
DA:68,2490
DA:69,2490
DA:70,2490
DA:71,2490
DA:72,2490
DA:73,2490
DA:74,0
DA:75,0
DA:76,0
DA:77,0
DA:78,0
DA:79,0
DA:82,5499
DA:83,5499
DA:85,1003
DA:86,1003
DA:87,0
DA:89,1003
DA:91,1003
DA:102,2006
DA:103,2006
DA:104,6018
DA:105,4012
DA:107,2006
DA:118,5499
DA:119,5499
DA:120,5499
DA:121,3009
DA:122,2490
DA:123,2490
DA:124,0
DA:125,0
DA:127,5499
DA:128,5499
DA:129,5499
DA:131,5499
DA:140,8508
DA:141,8508
DA:142,25524
DA:144,8508
DA:153,8508
DA:154,8508
DA:155,8508
DA:156,25524
DA:157,8989
DA:159,8508
DA:171,38503
DA:174,1
DA:175,1
LF:84
LH:75
BRDA:23,0,0,0
BRDA:23,0,1,1003
BRDA:25,1,0,1003
BRDA:25,1,1,0
BRDA:25,2,0,1003
BRDA:25,2,1,0
BRDA:25,3,0,0
BRDA:25,3,1,1003
BRDA:26,4,0,1003
BRDA:26,4,1,0
BRDA:26,5,0,1003
BRDA:26,5,1,0
BRDA:26,6,0,0
BRDA:26,6,1,1003
BRDA:32,7,0,1
BRDA:32,7,1,1002
BRDA:34,8,0,0
BRDA:34,8,1,1
BRDA:35,9,0,1
BRDA:35,9,1,0
BRDA:36,10,0,0
BRDA:36,10,1,1
BRDA:38,11,0,1
BRDA:38,11,1,1002
BRDA:40,12,0,0
BRDA:40,12,1,1
BRDA:41,13,0,1
BRDA:41,13,1,0
BRDA:42,14,0,0
BRDA:42,14,1,1
BRDA:51,15,0,1003
BRDA:51,15,1,0
BRDA:52,16,0,1003
BRDA:52,16,1,0
BRDA:53,17,0,0
BRDA:53,17,1,1003
BRDA:62,18,0,3009
BRDA:62,18,1,2490
BRDA:62,19,0,5499
BRDA:62,19,1,3009
BRDA:62,19,2,3009
BRDA:62,19,3,3009
BRDA:68,20,0,2490
BRDA:68,20,1,0
BRDA:68,21,0,2490
BRDA:68,21,1,2490
BRDA:68,21,2,2490
BRDA:68,21,3,2490
BRDA:74,22,0,0
BRDA:74,22,1,0
BRDA:74,23,0,0
BRDA:74,23,1,0
BRDA:74,23,2,0
BRDA:74,23,3,0
BRDA:82,24,0,0
BRDA:82,24,1,5499
BRDA:82,25,0,5499
BRDA:82,25,1,0
BRDA:82,25,2,5499
BRDA:82,25,3,0
BRDA:82,25,4,0
BRDA:83,26,0,1003
BRDA:83,26,1,4496
BRDA:83,27,0,5499
BRDA:83,27,1,1249
BRDA:83,27,2,1003
BRDA:86,28,0,0
BRDA:86,28,1,1003
BRDA:86,29,0,1003
BRDA:86,29,1,0
BRDA:104,30,0,2006
BRDA:104,30,1,4012
BRDA:120,31,0,3009
BRDA:120,31,1,2490
BRDA:122,32,0,2490
BRDA:122,32,1,0
BRDA:124,33,0,0
BRDA:124,33,1,0
BRDA:142,34,0,7508
BRDA:142,34,1,18016
BRDA:156,35,0,8989
BRDA:156,35,1,16535
BRF:82
BRH:50
end_of_record
