TN:
SF:js\script.js
FN:1,generateName
FN:84,DifferenceMarginOverflow
FN:94,generateRow
FN:112,getArrayMax
FN:121,getBiggestNumbersIndexes
FN:135,randNum
FNF:6
FNH:6
FNDA:1003,generateName
FNDA:2006,DifferenceMarginOverflow
FNDA:5503,generateRow
FNDA:8512,getArrayMax
FNDA:8512,getBiggestNumbersIndexes
FNDA:28515,randNum
DA:10,1003
DA:12,1003
DA:14,1003
DA:15,1003
DA:16,1003
DA:17,1003
DA:18,1003
DA:19,1003
DA:21,1003
DA:23,1
DA:24,1
DA:25,1
DA:27,1003
DA:29,1
DA:30,1
DA:31,1
DA:34,1003
DA:36,1003
DA:37,1003
DA:38,1003
DA:40,1003
DA:41,1003
DA:42,1003
DA:44,1003
DA:46,1003
DA:47,1003
DA:48,1003
DA:49,1003
DA:50,5503
DA:51,5503
DA:52,3009
DA:53,3009
DA:54,3009
DA:55,3009
DA:56,3009
DA:57,2494
DA:58,2494
DA:59,2494
DA:60,2494
DA:61,2494
DA:62,2494
DA:63,0
DA:64,0
DA:65,0
DA:66,0
DA:67,0
DA:68,0
DA:71,5503
DA:72,5503
DA:74,1003
DA:75,1003
DA:76,0
DA:78,1003
DA:80,1003
DA:85,2006
DA:86,2006
DA:87,6018
DA:88,4012
DA:90,2006
DA:95,5503
DA:96,5503
DA:97,5503
DA:98,3009
DA:99,2494
DA:100,2494
DA:101,0
DA:102,0
DA:104,5503
DA:105,5503
DA:106,5503
DA:108,5503
DA:113,8512
DA:114,8512
DA:115,25536
DA:117,8512
DA:122,8512
DA:123,8512
DA:124,8512
DA:125,25536
DA:126,8997
DA:128,8512
DA:137,28515
DA:140,1
DA:141,1
LF:84
LH:75
BRDA:12,0,0,0
BRDA:12,0,1,1003
BRDA:14,1,0,1003
BRDA:14,1,1,0
BRDA:14,2,0,1003
BRDA:14,2,1,0
BRDA:14,3,0,0
BRDA:14,3,1,1003
BRDA:15,4,0,1003
BRDA:15,4,1,0
BRDA:15,5,0,1003
BRDA:15,5,1,0
BRDA:15,6,0,0
BRDA:15,6,1,1003
BRDA:21,7,0,1
BRDA:21,7,1,1002
BRDA:23,8,0,0
BRDA:23,8,1,1
BRDA:24,9,0,1
BRDA:24,9,1,0
BRDA:25,10,0,0
BRDA:25,10,1,1
BRDA:27,11,0,1
BRDA:27,11,1,1002
BRDA:29,12,0,0
BRDA:29,12,1,1
BRDA:30,13,0,1
BRDA:30,13,1,0
BRDA:31,14,0,0
BRDA:31,14,1,1
BRDA:40,15,0,1003
BRDA:40,15,1,0
BRDA:41,16,0,1003
BRDA:41,16,1,0
BRDA:42,17,0,0
BRDA:42,17,1,1003
BRDA:51,18,0,3009
BRDA:51,18,1,2494
BRDA:51,19,0,5503
BRDA:51,19,1,3009
BRDA:51,19,2,3009
BRDA:51,19,3,3009
BRDA:57,20,0,2494
BRDA:57,20,1,0
BRDA:57,21,0,2494
BRDA:57,21,1,2494
BRDA:57,21,2,2494
BRDA:57,21,3,2494
BRDA:63,22,0,0
BRDA:63,22,1,0
BRDA:63,23,0,0
BRDA:63,23,1,0
BRDA:63,23,2,0
BRDA:63,23,3,0
BRDA:71,24,0,0
BRDA:71,24,1,5503
BRDA:71,25,0,5503
BRDA:71,25,1,0
BRDA:71,25,2,5503
BRDA:71,25,3,0
BRDA:71,25,4,0
BRDA:72,26,0,1003
BRDA:72,26,1,4500
BRDA:72,27,0,5503
BRDA:72,27,1,1239
BRDA:72,27,2,1003
BRDA:75,28,0,0
BRDA:75,28,1,1003
BRDA:75,29,0,1003
BRDA:75,29,1,0
BRDA:87,30,0,2006
BRDA:87,30,1,4012
BRDA:97,31,0,3009
BRDA:97,31,1,2494
BRDA:99,32,0,2494
BRDA:99,32,1,0
BRDA:101,33,0,0
BRDA:101,33,1,0
BRDA:115,34,0,7512
BRDA:115,34,1,18024
BRDA:125,35,0,8997
BRDA:125,35,1,16539
BRF:82
BRH:50
end_of_record
